<?xml version="1.0" encoding="UTF-8"?>
<!-- Generated by org.testng.reporters.JUnitXMLReporter -->
<testsuite ignored="1" hostname="DESKTOP-EA7JUGT" failures="0" tests="3" name="Submit Order Test" time="21.075" errors="0" timestamp="2025-02-24T11:30:23 IST">
  <testcase classname="rahulshettyacademy.tests.SampleOrderTestSixthJson" name="submitOrderTest" time="3.128"/>
  <testcase classname="rahulshettyacademy.tests.SampleOrderTestSixthJson" name="submitOrderTest" time="3.306"/>
  <testcase classname="rahulshettyacademy.tests.SampleOrderTestSixthJson" name="submitOrderTest" time="3.583"/>
  <testcase classname="rahulshettyacademy.tests.SampleOrderTestSixthJson" name="OrderHistoryTest" time="0.0">
    <ignored/>
  </testcase> <!-- OrderHistoryTest -->
</testsuite> <!-- Submit Order Test -->
