<?xml version="1.0" encoding="UTF-8"?>
<!-- Generated by org.testng.reporters.JUnitXMLReporter -->
<testsuite ignored="0" hostname="DESKTOP-EA7JUGT" failures="0" tests="4" name="Submit Order Test" time="34.339" errors="0" timestamp="2025-02-24T14:47:49 IST">
  <testcase classname="rahulshettyacademy.tests.SampleOrderTestSixthJson" name="submitOrderTest" time="4.918"/>
  <testcase classname="rahulshettyacademy.tests.SampleOrderTestSixthJson" name="submitOrderTest" time="5.776"/>
  <testcase classname="rahulshettyacademy.tests.SampleOrderTestSixthJson" name="submitOrderTest" time="4.108"/>
  <testcase classname="rahulshettyacademy.tests.SampleOrderTestSixthJson" name="OrderHistoryTest" time="0.887"/>
</testsuite> <!-- Submit Order Test -->
