<?xml version="1.0" encoding="UTF-8"?>
<!-- Generated by org.testng.reporters.JUnitXMLReporter -->
<testsuite ignored="0" hostname="DESKTOP-EA7JUGT" failures="0" tests="4" name="Submit Order Test" time="37.277" errors="0" timestamp="2025-03-03T15:52:49 IST">
  <testcase classname="rahulshettyacademy.tests.SampleOrderTestSixthJson" name="submitOrderTest" time="3.918"/>
  <testcase classname="rahulshettyacademy.tests.SampleOrderTestSixthJson" name="submitOrderTest" time="3.59"/>
  <testcase classname="rahulshettyacademy.tests.SampleOrderTestSixthJson" name="submitOrderTest" time="4.765"/>
  <testcase classname="rahulshettyacademy.tests.SampleOrderTestSixthJson" name="OrderHistoryTest" time="1.085"/>
</testsuite> <!-- Submit Order Test -->
