<?xml version="1.0" encoding="UTF-8"?>
<testsuite xmlns:xsi="http://www.w3.org/2001/XMLSchema-instance" xsi:noNamespaceSchemaLocation="https://maven.apache.org/surefire/maven-surefire-plugin/xsd/surefire-test-report.xsd" version="3.0.2" name="TestSuite" time="38.353" tests="6" errors="0" skipped="0" failures="2">
  <properties>
[...]
</properties>
  <testcase name="LoginErrorValidation" classname="rahulshettyacademy.tests.ErrorValidationsSampleTest" time="4.994">
    <failure message="expected [Login Successfully] but found [Incorrect email or password.]" type="java.lang.AssertionError"><![CDATA[java.lang.AssertionError: expected [Login Successfully] but found [Incorrect email or password.]
	at org.testng.Assert.fail(Assert.java:111)
	at org.testng.Assert.failNotEquals(Assert.java:1578)
	at org.testng.Assert.assertEqualsImpl(Assert.java:150)
	at org.testng.Assert.assertEquals(Assert.java:132)
	at org.testng.Assert.assertEquals(Assert.java:656)
	at org.testng.Assert.assertEquals(Assert.java:666)
	at rahulshettyacademy.tests.ErrorValidationsSampleTest.LoginErrorValidation(ErrorValidationsSampleTest.java:26)
	at java.base/jdk.internal.reflect.DirectMethodHandleAccessor.invoke(DirectMethodHandleAccessor.java:103)
	at java.base/java.lang.reflect.Method.invoke(Method.java:580)
	at org.testng.internal.invokers.MethodInvocationHelper.invokeMethod(MethodInvocationHelper.java:141)
	at org.testng.internal.invokers.TestInvoker.invokeMethod(TestInvoker.java:686)
	at org.testng.internal.invokers.TestInvoker.invokeTestMethod(TestInvoker.java:230)
	at org.testng.internal.invokers.MethodRunner.runInSequence(MethodRunner.java:63)
	at org.testng.internal.invokers.TestInvoker$MethodInvocationAgent.invoke(TestInvoker.java:992)
	at org.testng.internal.invokers.TestInvoker.invokeTestMethods(TestInvoker.java:203)
	at org.testng.internal.invokers.TestMethodWorker.invokeTestMethods(TestMethodWorker.java:154)
	at org.testng.internal.invokers.TestMethodWorker.run(TestMethodWorker.java:134)
	at java.base/java.util.ArrayList.forEach(ArrayList.java:1597)
	at org.testng.TestRunner.privateRun(TestRunner.java:739)
	at org.testng.TestRunner.run(TestRunner.java:614)
	at org.testng.SuiteRunner.runTest(SuiteRunner.java:421)
	at org.testng.SuiteRunner$SuiteWorker.run(SuiteRunner.java:463)
	at org.testng.internal.thread.ThreadUtil.lambda$execute$0(ThreadUtil.java:64)
	at java.base/java.util.concurrent.FutureTask.run(FutureTask.java:317)
	at java.base/java.util.concurrent.ThreadPoolExecutor.runWorker(ThreadPoolExecutor.java:1144)
	at java.base/java.util.concurrent.ThreadPoolExecutor$Worker.run(ThreadPoolExecutor.java:642)
	at java.base/java.lang.Thread.run(Thread.java:1575)
]]></failure>
    <system-out><![CDATA[Basetest b4 method launchApplications
Basetest b4 method launchApplications
within loginApplication method
userEmail   [[ChromeDriver: chrome on windows (49be0607a1b26e98916b70be285031f1)] -> id: userEmail]
email  rahulshettyy@gmail.com
password  Iamking@00
Login Successfully
]]></system-out>
    <system-err><![CDATA[SLF4J: Failed to load class "org.slf4j.impl.StaticLoggerBinder".
SLF4J: Defaulting to no-operation (NOP) logger implementation
SLF4J: See http://www.slf4j.org/codes.html#StaticLoggerBinder for further details.
Mar 03, 2025 3:52:13 PM org.openqa.selenium.devtools.CdpVersionFinder findNearestMatch
WARNING: Unable to find an exact match for CDP version 133, returning the closest version; found: 131; Please update to a Selenium version that supports CDP version 133
Mar 03, 2025 3:52:13 PM org.openqa.selenium.devtools.CdpVersionFinder findNearestMatch
WARNING: Unable to find an exact match for CDP version 133, returning the closest version; found: 131; Please update to a Selenium version that supports CDP version 133
]]></system-err>
  </testcase>
  <testcase name="ProductErrorValidation" classname="rahulshettyacademy.tests.ErrorValidationsSampleTest" time="1.711">
    <failure message="Cannot invoke &quot;org.openqa.selenium.WebElement.findElement(org.openqa.selenium.By)&quot; because &quot;prod&quot; is null" type="java.lang.NullPointerException"><![CDATA[java.lang.NullPointerException: Cannot invoke "org.openqa.selenium.WebElement.findElement(org.openqa.selenium.By)" because "prod" is null
	at rahulshettyacademy.pageobjects.ProductCatalogue.addProductToCart(ProductCatalogue.java:50)
	at rahulshettyacademy.tests.ErrorValidationsSampleTest.ProductErrorValidation(ErrorValidationsSampleTest.java:36)
	at java.base/jdk.internal.reflect.DirectMethodHandleAccessor.invoke(DirectMethodHandleAccessor.java:103)
	at java.base/java.lang.reflect.Method.invoke(Method.java:580)
	at org.testng.internal.invokers.MethodInvocationHelper.invokeMethod(MethodInvocationHelper.java:141)
	at org.testng.internal.invokers.TestInvoker.invokeMethod(TestInvoker.java:686)
	at org.testng.internal.invokers.TestInvoker.invokeTestMethod(TestInvoker.java:230)
	at org.testng.internal.invokers.MethodRunner.runInSequence(MethodRunner.java:63)
	at org.testng.internal.invokers.TestInvoker$MethodInvocationAgent.invoke(TestInvoker.java:992)
	at org.testng.internal.invokers.TestInvoker.invokeTestMethods(TestInvoker.java:203)
	at org.testng.internal.invokers.TestMethodWorker.invokeTestMethods(TestMethodWorker.java:154)
	at org.testng.internal.invokers.TestMethodWorker.run(TestMethodWorker.java:134)
	at java.base/java.util.ArrayList.forEach(ArrayList.java:1597)
	at org.testng.TestRunner.privateRun(TestRunner.java:739)
	at org.testng.TestRunner.run(TestRunner.java:614)
	at org.testng.SuiteRunner.runTest(SuiteRunner.java:421)
	at org.testng.SuiteRunner$SuiteWorker.run(SuiteRunner.java:463)
	at org.testng.internal.thread.ThreadUtil.lambda$execute$0(ThreadUtil.java:64)
	at java.base/java.util.concurrent.FutureTask.run(FutureTask.java:317)
	at java.base/java.util.concurrent.ThreadPoolExecutor.runWorker(ThreadPoolExecutor.java:1144)
	at java.base/java.util.concurrent.ThreadPoolExecutor$Worker.run(ThreadPoolExecutor.java:642)
	at java.base/java.lang.Thread.run(Thread.java:1575)
]]></failure>
    <system-out><![CDATA[Basetest b4 method launchApplications
within loginApplication method
userEmail   [[ChromeDriver: chrome on windows (7845d39700fecccc11fd8da5919b12d1)] -> id: userEmail]
email  rahulshetty@gmail.com
password  Iamking@000
]]></system-out>
    <system-err><![CDATA[Mar 03, 2025 3:52:24 PM org.openqa.selenium.devtools.CdpVersionFinder findNearestMatch
WARNING: Unable to find an exact match for CDP version 133, returning the closest version; found: 131; Please update to a Selenium version that supports CDP version 133
]]></system-err>
  </testcase>
  <testcase name="submitOrderTest[{password=Test123456!, product=ZARA COAT 3, email=mitra_ranjana@yahoo.co.in}](1)" classname="rahulshettyacademy.tests.SampleOrderTestSixthJson" time="3.919">
    <system-out><![CDATA[Basetest b4 method launchApplications
submitOrderTest   
stremail   mitra_ranjana@yahoo.co.in
strpwd   Test123456!
strProduct   ZARA COAT 3
within loginApplication method
userEmail   [[ChromeDriver: chrome on windows (6e1e1e7015c0fcd3a314ce88bfb122e9)] -> id: userEmail]
email  mitra_ranjana@yahoo.co.in
password  Test123456!
]]></system-out>
    <system-err><![CDATA[Mar 03, 2025 3:52:20 PM org.openqa.selenium.devtools.CdpVersionFinder findNearestMatch
WARNING: Unable to find an exact match for CDP version 133, returning the closest version; found: 131; Please update to a Selenium version that supports CDP version 133
]]></system-err>
  </testcase>
  <testcase name="submitOrderTest[{password=Test12345!, product=ZARA COAT 3, email=ranjanamitra2016@gmail.com}](2)" classname="rahulshettyacademy.tests.SampleOrderTestSixthJson" time="3.59">
    <system-out><![CDATA[submitOrderTest   
stremail   ranjanamitra2016@gmail.com
strpwd   Test12345!
strProduct   ZARA COAT 3
within loginApplication method
userEmail   [[ChromeDriver: chrome on windows (ad5d296c0bbe068683570495400cc814)] -> id: userEmail]
email  ranjanamitra2016@gmail.com
password  Test12345!
]]></system-out>
  </testcase>
  <testcase name="submitOrderTest[{password=Test1234!, product=ADIDAS ORIGINAL, email=ranjanamitr@gmail.com}](3)" classname="rahulshettyacademy.tests.SampleOrderTestSixthJson" time="4.765">
    <system-out><![CDATA[Basetest b4 method launchApplications
submitOrderTest   
stremail   ranjanamitr@gmail.com
strpwd   Test1234!
strProduct   ADIDAS ORIGINAL
within loginApplication method
userEmail   [[ChromeDriver: chrome on windows (2118d66e70f7f731e883cd2c2ab27e0e)] -> id: userEmail]
email  ranjanamitr@gmail.com
password  Test1234!
]]></system-out>
    <system-err><![CDATA[Mar 03, 2025 3:52:33 PM org.openqa.selenium.devtools.CdpVersionFinder findNearestMatch
WARNING: Unable to find an exact match for CDP version 133, returning the closest version; found: 131; Please update to a Selenium version that supports CDP version 133
]]></system-err>
  </testcase>
  <testcase name="OrderHistoryTest" classname="rahulshettyacademy.tests.SampleOrderTestSixthJson" time="1.084">
    <system-out><![CDATA[Basetest b4 method launchApplications
within loginApplication method
userEmail   [[ChromeDriver: chrome on windows (786387e82c5cdb27e9387790479ce52e)] -> id: userEmail]
email  ranjanamitr@gmail.com
password  Test1234!
]]></system-out>
    <system-err><![CDATA[Mar 03, 2025 3:52:42 PM org.openqa.selenium.devtools.CdpVersionFinder findNearestMatch
WARNING: Unable to find an exact match for CDP version 133, returning the closest version; found: 131; Please update to a Selenium version that supports CDP version 133
]]></system-err>
  </testcase>
</testsuite>